
**** Clean-only build of configuration Debug for project HelloC ****

make clean 
rm -rf  ./src/HelloC.o  ./src/HelloC.d  HelloC
 

**** Build Finished ****

**** Build of configuration Debug for project HelloC ****

make all 
Building file: ../src/HelloC.c
Invoking: GCC C Compiler
gcc -O0 -g3 -Wall -c -fmessage-length=0 -MMD -MP -MF"src/HelloC.d" -MT"src/HelloC.d" -o "src/HelloC.o" "../src/HelloC.c"
Finished building: ../src/HelloC.c
 
Building target: HelloC
Invoking: GCC C Linker
gcc  -o "HelloC"  ./src/HelloC.o   
Finished building target: HelloC
 

**** Build Finished ****

**** Clean-only build of configuration Debug for project HelloCpp ****

make clean 
rm -rf  ./src/HelloCpp.o  ./src/HelloCpp.d  HelloCpp
 

**** Build Finished ****

**** Build of configuration Debug for project HelloCpp ****

make all 
Building file: ../src/HelloCpp.cpp
Invoking: GCC C++ Compiler
g++ -O0 -g3 -Wall -c -fmessage-length=0 -MMD -MP -MF"src/HelloCpp.d" -MT"src/HelloCpp.d" -o "src/HelloCpp.o" "../src/HelloCpp.cpp"
Finished building: ../src/HelloCpp.cpp
 
Building target: HelloCpp
Invoking: GCC C++ Linker
g++  -o "HelloCpp"  ./src/HelloCpp.o   
Finished building target: HelloCpp
 

**** Build Finished ****
